0 info it worked if it ends with ok
1 verbose cli [ '/home/joe/.nvm/versions/node/v0.12.7/bin/node',
1 verbose cli   '/home/joe/.nvm/versions/node/v0.12.7/bin/npm',
1 verbose cli   'install',
1 verbose cli   'aasdfasdlfklq23r' ]
2 info using npm@2.11.3
3 info using node@v0.12.7
4 verbose install initial load of /home/joe/w2c/webReader/joe/backstage/package.json
5 verbose installManyTop reading scoped package data from /home/joe/w2c/webReader/joe/backstage/node_modules/abc/package.json
6 verbose installManyTop reading scoped package data from /home/joe/w2c/webReader/joe/backstage/node_modules/fs/package.json
7 verbose installManyTop reading scoped package data from /home/joe/w2c/webReader/joe/backstage/node_modules/http/package.json
8 info package.json fs@0.0.2 fs is also the name of a node core module.
9 info package.json fs@0.0.2 No description
10 info package.json fs@0.0.2 No repository field.
11 info package.json fs@0.0.2 No README data
12 info package.json http@0.0.0 http is also the name of a node core module.
13 info package.json http@0.0.0 No description
14 info package.json http@0.0.0 No repository field.
15 info package.json http@0.0.0 No README data
16 info package.json abc@0.6.1 No license field.
17 verbose readDependencies loading dependencies from /home/joe/w2c/webReader/joe/backstage/package.json
18 silly cache add args [ 'aasdfasdlfklq23r', null ]
19 verbose cache add spec aasdfasdlfklq23r
20 silly cache add parsed spec { raw: 'aasdfasdlfklq23r',
20 silly cache add   scope: null,
20 silly cache add   name: 'aasdfasdlfklq23r',
20 silly cache add   rawSpec: '',
20 silly cache add   spec: '*',
20 silly cache add   type: 'range' }
21 silly addNamed aasdfasdlfklq23r@*
22 verbose addNamed "*" is a valid semver range for aasdfasdlfklq23r
23 silly addNameRange { name: 'aasdfasdlfklq23r', range: '*', hasData: false }
24 silly mapToRegistry name aasdfasdlfklq23r
25 silly mapToRegistry using default registry
26 silly mapToRegistry registry https://registry.npmjs.org/
27 silly mapToRegistry uri https://registry.npmjs.org/aasdfasdlfklq23r
28 verbose addNameRange registry:https://registry.npmjs.org/aasdfasdlfklq23r not in flight; fetching
29 verbose request uri https://registry.npmjs.org/aasdfasdlfklq23r
30 verbose request no auth needed
31 info attempt registry request try #1 at 15:39:47
32 verbose request id 48a21beb0beb30b0
33 http request GET https://registry.npmjs.org/aasdfasdlfklq23r
34 http 404 https://registry.npmjs.org/aasdfasdlfklq23r
35 verbose headers { server: 'CouchDB/1.5.0 (Erlang OTP/R16B03)',
35 verbose headers   'content-type': 'application/json',
35 verbose headers   'cache-control': 'max-age=0',
35 verbose headers   'content-length': '51',
35 verbose headers   'accept-ranges': 'bytes',
35 verbose headers   date: 'Sat, 01 Aug 2015 07:39:48 GMT',
35 verbose headers   via: '1.1 varnish',
35 verbose headers   age: '0',
35 verbose headers   connection: 'keep-alive',
35 verbose headers   'x-served-by': 'cache-sjc3131-SJC',
35 verbose headers   'x-cache': 'MISS',
35 verbose headers   'x-cache-hits': '0',
35 verbose headers   'x-timer': 'S1438414788.448471,VS0,VE153' }
36 silly get cb [ 404,
36 silly get   { server: 'CouchDB/1.5.0 (Erlang OTP/R16B03)',
36 silly get     'content-type': 'application/json',
36 silly get     'cache-control': 'max-age=0',
36 silly get     'content-length': '51',
36 silly get     'accept-ranges': 'bytes',
36 silly get     date: 'Sat, 01 Aug 2015 07:39:48 GMT',
36 silly get     via: '1.1 varnish',
36 silly get     age: '0',
36 silly get     connection: 'keep-alive',
36 silly get     'x-served-by': 'cache-sjc3131-SJC',
36 silly get     'x-cache': 'MISS',
36 silly get     'x-cache-hits': '0',
36 silly get     'x-timer': 'S1438414788.448471,VS0,VE153' } ]
37 verbose stack Error: 404 Not Found: aasdfasdlfklq23r
37 verbose stack     at CachingRegistryClient.<anonymous> (/home/joe/.nvm/versions/node/v0.12.7/lib/node_modules/npm/node_modules/npm-registry-client/lib/request.js:245:14)
37 verbose stack     at Request._callback (/home/joe/.nvm/versions/node/v0.12.7/lib/node_modules/npm/node_modules/npm-registry-client/lib/request.js:170:14)
37 verbose stack     at Request.self.callback (/home/joe/.nvm/versions/node/v0.12.7/lib/node_modules/npm/node_modules/request/request.js:354:22)
37 verbose stack     at Request.emit (events.js:110:17)
37 verbose stack     at Request.<anonymous> (/home/joe/.nvm/versions/node/v0.12.7/lib/node_modules/npm/node_modules/request/request.js:1207:14)
37 verbose stack     at Request.emit (events.js:129:20)
37 verbose stack     at IncomingMessage.<anonymous> (/home/joe/.nvm/versions/node/v0.12.7/lib/node_modules/npm/node_modules/request/request.js:1153:12)
37 verbose stack     at IncomingMessage.emit (events.js:129:20)
37 verbose stack     at _stream_readable.js:908:16
37 verbose stack     at process._tickCallback (node.js:355:11)
38 verbose statusCode 404
39 verbose pkgid aasdfasdlfklq23r
40 verbose cwd /home/joe/w2c/webReader/joe/backstage
41 error Linux 3.13.0-32-generic
42 error argv "/home/joe/.nvm/versions/node/v0.12.7/bin/node" "/home/joe/.nvm/versions/node/v0.12.7/bin/npm" "install" "aasdfasdlfklq23r"
43 error node v0.12.7
44 error npm  v2.11.3
45 error code E404
46 error 404 Not Found: aasdfasdlfklq23r
46 error 404
46 error 404 'aasdfasdlfklq23r' is not in the npm registry.
46 error 404 You should bug the author to publish it (or use the name yourself!)
46 error 404
46 error 404 Note that you can also install from a
46 error 404 tarball, folder, http url, or git url.
47 verbose exit [ 1, true ]
